2025-10-09 17:02:57 | DEBUG | MainThread | tftp | 这是DEBUG
2025-10-09 17:03:46 | INFO | MainThread | tftp | 这是INFO
2025-10-09 17:04:19 | WARNING | MainThread | tftp | 这是WARNING
2025-10-09 17:10:12 | INFO | MainThread | tftp | 这是INFO
2025-10-09 17:10:28 | WARNING | MainThread | tftp | 这是WARNING
2025-10-09 17:10:41 | DEBUG | MainThread | tftp | 这是DEBUG
2025-10-09 17:10:54 | INFO | MainThread | tftp | 这是INFO
2025-10-09 17:34:40 | ERROR | MainThread | tftp | 这是error
2025-10-09 20:35:19 | ERROR | MainThread | tftp | 出现异常
Traceback (most recent call last):
  File "<stdin>", line 2, in <module>
ZeroDivisionError: division by zero
2025-10-09 20:36:27 | ERROR | MainThread | tftp | 出现异常
Traceback (most recent call last):
  File "<stdin>", line 2, in <module>
ZeroDivisionError: division by zero
2025-10-09 20:36:50 | ERROR | MainThread | tftp | 出现异常
Traceback (most recent call last):
  File "<stdin>", line 2, in <module>
ZeroDivisionError: division by zero
2025-10-09 20:37:12 | ERROR | MainThread | tftp | 出现异常
Traceback (most recent call last):
  File "<stdin>", line 2, in <module>
ZeroDivisionError: division by zero
2025-10-09 20:37:47 | ERROR | MainThread | tftp | 出现异常
Traceback (most recent call last):
  File "<stdin>", line 2, in <module>
ZeroDivisionError: division by zero
2025-10-09 20:54:38 | CRITICAL | MainThread | tftp | critical
